C51 COMPILER V8.02   FILEPROJ2                                                             09/05/2020 15:56:29 PAGE 1   


C51 COMPILER V8.02, COMPILATION OF MODULE FILEPROJ2
OBJECT MODULE PLACED IN fileproj2.OBJ
COMPILER INVOKED BY: C:\Keil\C51\BIN\C51.EXE fileproj2.c BROWSE DEBUG OBJECTEXTEND

line level    source

   1          #include <reg5131.h>
   2          // declaring variables
   3          sbit led1 = P2^0;
   4          sbit led2 = P2^1;
   5          sbit led3 = P2^2;
   6          sbit led4 = P2^3;
   7          sbit led5 = P2^4;
   8          sbit led6 = P2^5;
   9          sbit led7 = P2^6;
  10          sbit led8 = P2^7;
  11          
  12          sbit input1 = P1^0;
  13          sbit input2 = P1^1;
  14          sbit input3 = P1^2;
  15          sbit input4 = P1^3;
  16          
  17          void delay(int i);
  18          
  19          void main(){
  20   1              input1=1;
  21   1              input2=1;
  22   1              input3=1;
  23   1              input4=1;
  24   1              P2 = 0x00;
  25   1              P1 = 0x00;
  26   1              while(1){
  27   2                      while(input1==1){       //condition for sequencial led glow
  28   3                              P2=0x00;
  29   3                              led1 = 1;
  30   3                              delay(1000);
  31   3                              led2 = 1;
  32   3                              delay(1000);
  33   3                              led3 = 1;
  34   3                              delay(1000);
  35   3                              led4 = 1;
  36   3                              delay(1000);
  37   3                              led5 = 1;
  38   3                              delay(1000);
  39   3                              led6 = 1;
  40   3                              delay(1000);
  41   3                              led7 = 1;
  42   3                              delay(1000);
  43   3                              led8 = 1;
  44   3                              delay(1000);
  45   3                              led1 = 0;
  46   3                              delay(1000);
  47   3                              led2 = 0;
  48   3                              delay(1000);
  49   3                              led3 = 0;
  50   3                              delay(1000);
  51   3                              led4 = 0;
  52   3                              delay(1000);
  53   3                              led5 = 0;
  54   3                              delay(1000);
  55   3                              led6 = 0;
C51 COMPILER V8.02   FILEPROJ2                                                             09/05/2020 15:56:29 PAGE 2   

  56   3                              delay(1000);
  57   3                              led7 = 0;
  58   3                              delay(1000);
  59   3                              led8 = 0;
  60   3                              delay(1000);
  61   3                      }
  62   2                      while(input2==1){       //condition for simultaneous led glow
  63   3                              P2=0x00;
  64   3                              led1 = 1;
  65   3                              led2 = 1;
  66   3                              led3 = 1;
  67   3                              led4 = 1;
  68   3                              led5 = 1;
  69   3                              led6 = 1;
  70   3                              led7 = 1;
  71   3                              led8 = 1;
  72   3                              delay(100);
  73   3                              led1 = 0;
  74   3                              led2 = 0;
  75   3                              led3 = 0;
  76   3                              led4 = 0;
  77   3                              led5 = 0;
  78   3                              led6 = 0;
  79   3                              led7 = 0;
  80   3                              led8 = 0;
  81   3                              delay(100);
  82   3                      }
  83   2                      while(input3==1){       //simultaneous blinking of odd leds
  84   3                              P2=0x00;
  85   3                              led1 = 1;
  86   3                              led3 = 1;
  87   3                              led5 = 1;
  88   3                              led7 = 1;
  89   3                              delay(100);
  90   3                              led1 = 0;
  91   3                              led3 = 0;
  92   3                              led5 = 0;
  93   3                              led7 = 0;
  94   3                              delay(100);
  95   3                      }
  96   2                      while(input4==1){       //simultaneous blinking of even leds
  97   3                              P2=0x00;
  98   3                              led2 = 1;
  99   3                              led4 = 1;
 100   3                              led6 = 1;
 101   3                              led8 = 1;
 102   3                              delay(100);
 103   3                              led2 = 0;
 104   3                              led4 = 0;
 105   3                              led6 = 0;
 106   3                              led8 = 0;
 107   3                              delay(100);
 108   3                      }
 109   2              }
 110   1      }
 111          //funtion for generating delay
 112          void delay(int i){
 113   1              int x,y;
 114   1              for(x=0;x<i;x++){
 115   2                      for(y=0;y<=1000;y++);
 116   2              }
 117   1      }
C51 COMPILER V8.02   FILEPROJ2                                                             09/05/2020 15:56:29 PAGE 3   



MODULE INFORMATION:   STATIC OVERLAYABLE
   CODE SIZE        =    274    ----
   CONSTANT SIZE    =   ----    ----
   XDATA SIZE       =   ----    ----
   PDATA SIZE       =   ----    ----
   DATA SIZE        =   ----    ----
   IDATA SIZE       =   ----    ----
   BIT SIZE         =   ----    ----
END OF MODULE INFORMATION.


C51 COMPILATION COMPLETE.  0 WARNING(S),  0 ERROR(S)
